<?xml version="1.0" encoding="UTF-8"?>
<testng-results ignored="0" total="1" passed="1" failed="0" skipped="0">
  <reporter-output>
  </reporter-output>
  <suite started-at="2022-08-28T00:35:38 EET" name="Default suite" finished-at="2022-08-28T00:35:42 EET" duration-ms="4106">
    <groups>
    </groups>
    <test started-at="2022-08-28T00:35:38 EET" name="Default test" finished-at="2022-08-28T00:35:42 EET" duration-ms="4106">
      <class name="RestAssured.RestAssuredDelete">
        <test-method signature="Delete_testcase1()[pri:1, instance:RestAssured.RestAssuredDelete@d6e7bab]" started-at="2022-08-28T00:35:38 EET" name="Delete_testcase1" finished-at="2022-08-28T00:35:42 EET" duration-ms="4005" status="PASS">
          <reporter-output>
          </reporter-output>
        </test-method> <!-- Delete_testcase1 -->
      </class> <!-- RestAssured.RestAssuredDelete -->
    </test> <!-- Default test -->
  </suite> <!-- Default suite -->
</testng-results>
